CRITICAL - 2023-05-04 00:25:57 --> Undefined variable $componentes
in APPPATH/Views/componentesView.php on line 56.
 1 APPPATH/Views/componentesView.php(56): CodeIgniter\Debug\Exceptions->errorHandler(2, 'Undefined variable $componentes', '/opt/htdocs/projetoFPA/FPA/app/Views/componentesView.php', 56)
 2 SYSTEMPATH/View/View.php(213): include('/opt/htdocs/projetoFPA/FPA/app/Views/componentesView.php')
 3 SYSTEMPATH/View/View.php(216): CodeIgniter\View\View->CodeIgniter\View\{closure}()
 4 SYSTEMPATH/Common.php(1184): CodeIgniter\View\View->render('componentesView', [], true)
 5 APPPATH/Controllers/Home.php(9): view('componentesView')
 6 SYSTEMPATH/CodeIgniter.php(934): App\Controllers\Home->index()
 7 SYSTEMPATH/CodeIgniter.php(499): CodeIgniter\CodeIgniter->runController(Object(App\Controllers\Home))
 8 SYSTEMPATH/CodeIgniter.php(368): CodeIgniter\CodeIgniter->handleRequest(null, Object(Config\Cache), false)
 9 FCPATH/index.php(67): CodeIgniter\CodeIgniter->run()
CRITICAL - 2023-05-04 00:27:37 --> Undefined variable $componentes
in APPPATH/Views/componentesView.php on line 56.
 1 APPPATH/Views/componentesView.php(56): CodeIgniter\Debug\Exceptions->errorHandler(2, 'Undefined variable $componentes', '/opt/htdocs/projetoFPA/FPA/app/Views/componentesView.php', 56)
 2 SYSTEMPATH/View/View.php(213): include('/opt/htdocs/projetoFPA/FPA/app/Views/componentesView.php')
 3 SYSTEMPATH/View/View.php(216): CodeIgniter\View\View->CodeIgniter\View\{closure}()
 4 SYSTEMPATH/Common.php(1184): CodeIgniter\View\View->render('componentesView', [], true)
 5 APPPATH/Controllers/Home.php(9): view('componentesView')
 6 SYSTEMPATH/CodeIgniter.php(934): App\Controllers\Home->index()
 7 SYSTEMPATH/CodeIgniter.php(499): CodeIgniter\CodeIgniter->runController(Object(App\Controllers\Home))
 8 SYSTEMPATH/CodeIgniter.php(368): CodeIgniter\CodeIgniter->handleRequest(null, Object(Config\Cache), false)
 9 FCPATH/index.php(67): CodeIgniter\CodeIgniter->run()
CRITICAL - 2023-05-04 00:28:04 --> Undefined variable $componentes
in APPPATH/Views/componentesView.php on line 56.
 1 APPPATH/Views/componentesView.php(56): CodeIgniter\Debug\Exceptions->errorHandler(2, 'Undefined variable $componentes', '/opt/htdocs/projetoFPA/FPA/app/Views/componentesView.php', 56)
 2 SYSTEMPATH/View/View.php(213): include('/opt/htdocs/projetoFPA/FPA/app/Views/componentesView.php')
 3 SYSTEMPATH/View/View.php(216): CodeIgniter\View\View->CodeIgniter\View\{closure}()
 4 SYSTEMPATH/Common.php(1184): CodeIgniter\View\View->render('componentesView', [], true)
 5 APPPATH/Controllers/Home.php(9): view('componentesView')
 6 SYSTEMPATH/CodeIgniter.php(934): App\Controllers\Home->index()
 7 SYSTEMPATH/CodeIgniter.php(499): CodeIgniter\CodeIgniter->runController(Object(App\Controllers\Home))
 8 SYSTEMPATH/CodeIgniter.php(368): CodeIgniter\CodeIgniter->handleRequest(null, Object(Config\Cache), false)
 9 FCPATH/index.php(67): CodeIgniter\CodeIgniter->run()
CRITICAL - 2023-05-04 00:28:41 --> Undefined variable $componentes
in APPPATH/Views/componentesView.php on line 56.
 1 APPPATH/Views/componentesView.php(56): CodeIgniter\Debug\Exceptions->errorHandler(2, 'Undefined variable $componentes', '/opt/htdocs/projetoFPA/FPA/app/Views/componentesView.php', 56)
 2 SYSTEMPATH/View/View.php(213): include('/opt/htdocs/projetoFPA/FPA/app/Views/componentesView.php')
 3 SYSTEMPATH/View/View.php(216): CodeIgniter\View\View->CodeIgniter\View\{closure}()
 4 SYSTEMPATH/Common.php(1184): CodeIgniter\View\View->render('componentesView', [], true)
 5 APPPATH/Controllers/Home.php(9): view('componentesView')
 6 SYSTEMPATH/CodeIgniter.php(934): App\Controllers\Home->index()
 7 SYSTEMPATH/CodeIgniter.php(499): CodeIgniter\CodeIgniter->runController(Object(App\Controllers\Home))
 8 SYSTEMPATH/CodeIgniter.php(368): CodeIgniter\CodeIgniter->handleRequest(null, Object(Config\Cache), false)
 9 FCPATH/index.php(67): CodeIgniter\CodeIgniter->run()
CRITICAL - 2023-05-04 00:29:10 --> Undefined variable $componentes
in APPPATH/Views/componentesView.php on line 56.
 1 APPPATH/Views/componentesView.php(56): CodeIgniter\Debug\Exceptions->errorHandler(2, 'Undefined variable $componentes', '/opt/htdocs/projetoFPA/FPA/app/Views/componentesView.php', 56)
 2 SYSTEMPATH/View/View.php(213): include('/opt/htdocs/projetoFPA/FPA/app/Views/componentesView.php')
 3 SYSTEMPATH/View/View.php(216): CodeIgniter\View\View->CodeIgniter\View\{closure}()
 4 SYSTEMPATH/Common.php(1184): CodeIgniter\View\View->render('componentesView', [], true)
 5 APPPATH/Controllers/Home.php(9): view('componentesView')
 6 SYSTEMPATH/CodeIgniter.php(934): App\Controllers\Home->index()
 7 SYSTEMPATH/CodeIgniter.php(499): CodeIgniter\CodeIgniter->runController(Object(App\Controllers\Home))
 8 SYSTEMPATH/CodeIgniter.php(368): CodeIgniter\CodeIgniter->handleRequest(null, Object(Config\Cache), false)
 9 FCPATH/index.php(67): CodeIgniter\CodeIgniter->run()
CRITICAL - 2023-05-04 00:32:17 --> Undefined variable $componentes
in APPPATH/Views/componentesView.php on line 56.
 1 APPPATH/Views/componentesView.php(56): CodeIgniter\Debug\Exceptions->errorHandler(2, 'Undefined variable $componentes', '/opt/htdocs/projetoFPA/FPA/app/Views/componentesView.php', 56)
 2 SYSTEMPATH/View/View.php(213): include('/opt/htdocs/projetoFPA/FPA/app/Views/componentesView.php')
 3 SYSTEMPATH/View/View.php(216): CodeIgniter\View\View->CodeIgniter\View\{closure}()
 4 SYSTEMPATH/Common.php(1184): CodeIgniter\View\View->render('componentesView', [], true)
 5 APPPATH/Controllers/Home.php(9): view('componentesView')
 6 SYSTEMPATH/CodeIgniter.php(934): App\Controllers\Home->index()
 7 SYSTEMPATH/CodeIgniter.php(499): CodeIgniter\CodeIgniter->runController(Object(App\Controllers\Home))
 8 SYSTEMPATH/CodeIgniter.php(368): CodeIgniter\CodeIgniter->handleRequest(null, Object(Config\Cache), false)
 9 FCPATH/index.php(67): CodeIgniter\CodeIgniter->run()
CRITICAL - 2023-05-04 00:32:18 --> Undefined variable $componentes
in APPPATH/Views/componentesView.php on line 56.
 1 APPPATH/Views/componentesView.php(56): CodeIgniter\Debug\Exceptions->errorHandler(2, 'Undefined variable $componentes', '/opt/htdocs/projetoFPA/FPA/app/Views/componentesView.php', 56)
 2 SYSTEMPATH/View/View.php(213): include('/opt/htdocs/projetoFPA/FPA/app/Views/componentesView.php')
 3 SYSTEMPATH/View/View.php(216): CodeIgniter\View\View->CodeIgniter\View\{closure}()
 4 SYSTEMPATH/Common.php(1184): CodeIgniter\View\View->render('componentesView', [], true)
 5 APPPATH/Controllers/Home.php(9): view('componentesView')
 6 SYSTEMPATH/CodeIgniter.php(934): App\Controllers\Home->index()
 7 SYSTEMPATH/CodeIgniter.php(499): CodeIgniter\CodeIgniter->runController(Object(App\Controllers\Home))
 8 SYSTEMPATH/CodeIgniter.php(368): CodeIgniter\CodeIgniter->handleRequest(null, Object(Config\Cache), false)
 9 FCPATH/index.php(67): CodeIgniter\CodeIgniter->run()
CRITICAL - 2023-05-04 00:34:05 --> Undefined variable $componentes
in APPPATH/Views/componentesView.php on line 56.
 1 APPPATH/Views/componentesView.php(56): CodeIgniter\Debug\Exceptions->errorHandler(2, 'Undefined variable $componentes', '/opt/htdocs/projetoFPA/FPA/app/Views/componentesView.php', 56)
 2 SYSTEMPATH/View/View.php(213): include('/opt/htdocs/projetoFPA/FPA/app/Views/componentesView.php')
 3 SYSTEMPATH/View/View.php(216): CodeIgniter\View\View->CodeIgniter\View\{closure}()
 4 SYSTEMPATH/Common.php(1184): CodeIgniter\View\View->render('componentesView', [], true)
 5 APPPATH/Controllers/Home.php(9): view('componentesView')
 6 SYSTEMPATH/CodeIgniter.php(934): App\Controllers\Home->index()
 7 SYSTEMPATH/CodeIgniter.php(499): CodeIgniter\CodeIgniter->runController(Object(App\Controllers\Home))
 8 SYSTEMPATH/CodeIgniter.php(368): CodeIgniter\CodeIgniter->handleRequest(null, Object(Config\Cache), false)
 9 FCPATH/index.php(67): CodeIgniter\CodeIgniter->run()
CRITICAL - 2023-05-04 00:46:56 --> Undefined variable $componentes
in APPPATH/Views/componentesView.php on line 56.
 1 APPPATH/Views/componentesView.php(56): CodeIgniter\Debug\Exceptions->errorHandler(2, 'Undefined variable $componentes', '/opt/htdocs/projetoFPA/FPA/app/Views/componentesView.php', 56)
 2 SYSTEMPATH/View/View.php(213): include('/opt/htdocs/projetoFPA/FPA/app/Views/componentesView.php')
 3 SYSTEMPATH/View/View.php(216): CodeIgniter\View\View->CodeIgniter\View\{closure}()
 4 SYSTEMPATH/Common.php(1184): CodeIgniter\View\View->render('componentesView', [], true)
 5 APPPATH/Controllers/Home.php(9): view('componentesView')
 6 SYSTEMPATH/CodeIgniter.php(934): App\Controllers\Home->index()
 7 SYSTEMPATH/CodeIgniter.php(499): CodeIgniter\CodeIgniter->runController(Object(App\Controllers\Home))
 8 SYSTEMPATH/CodeIgniter.php(368): CodeIgniter\CodeIgniter->handleRequest(null, Object(Config\Cache), false)
 9 FCPATH/index.php(67): CodeIgniter\CodeIgniter->run()
CRITICAL - 2023-05-04 00:51:01 --> Undefined variable $componentes
in APPPATH/Views/componentesView.php on line 56.
 1 APPPATH/Views/componentesView.php(56): CodeIgniter\Debug\Exceptions->errorHandler(2, 'Undefined variable $componentes', '/opt/htdocs/projetoFPA/FPA/app/Views/componentesView.php', 56)
 2 SYSTEMPATH/View/View.php(213): include('/opt/htdocs/projetoFPA/FPA/app/Views/componentesView.php')
 3 SYSTEMPATH/View/View.php(216): CodeIgniter\View\View->CodeIgniter\View\{closure}()
 4 SYSTEMPATH/Common.php(1184): CodeIgniter\View\View->render('componentesView', [], true)
 5 APPPATH/Controllers/Home.php(9): view('componentesView')
 6 SYSTEMPATH/CodeIgniter.php(934): App\Controllers\Home->index()
 7 SYSTEMPATH/CodeIgniter.php(499): CodeIgniter\CodeIgniter->runController(Object(App\Controllers\Home))
 8 SYSTEMPATH/CodeIgniter.php(368): CodeIgniter\CodeIgniter->handleRequest(null, Object(Config\Cache), false)
 9 FCPATH/index.php(67): CodeIgniter\CodeIgniter->run()
